Using pre-set license
Built from '2020.3/release' branch; Version is '2020.3.12f1 (b3b2c6512326) revision 11776710'; Using compiler version '192528614'; Build Type 'Release'
OS: 'Windows 10 Pro; OS build 19044.1415; Version 2009; 64bit' Language: 'fr' Physical Memory: 32617 MB
BatchMode: 1, IsHumanControllingUs: 0, StartBugReporterOnCrash: 0, Is64bit: 1, IsPro: 0

 COMMAND LINE ARGUMENTS:
D:\Unity\2020.3.12f1\Editor\Unity.exe
-adb2
-batchMode
-noUpm
-name
AssetImportWorker0
-projectPath
C:/Users/Kuroneko/Documents/GitHub/Programming-Theory-Repo
-logFile
Logs/AssetImportWorker0.log
-srvPort
61936
Successfully changed project path to: C:/Users/Kuroneko/Documents/GitHub/Programming-Theory-Repo
C:/Users/Kuroneko/Documents/GitHub/Programming-Theory-Repo
Using Asset Import Pipeline V2.
Refreshing native plugins compatible for Editor in 34.23 ms, found 4 plugins.
Preloading 0 native plugins for Editor in 0.00 ms.
Initialize engine version: 2020.3.12f1 (b3b2c6512326)
[Subsystems] Discovering subsystems at path D:/Unity/2020.3.12f1/Editor/Data/Resources/UnitySubsystems
[Subsystems] Discovering subsystems at path C:/Users/Kuroneko/Documents/GitHub/Programming-Theory-Repo/Assets
GfxDevice: creating device client; threaded=0
Direct3D:
    Version:  Direct3D 11.0 [level 11.1]
    Renderer: NVIDIA GeForce RTX 2070 (ID=0x1f10)
    Vendor:   
    VRAM:     8031 MB
    Driver:   30.0.14.9709
Initialize mono
Mono path[0] = 'D:/Unity/2020.3.12f1/Editor/Data/Managed'
Mono path[1] = 'D:/Unity/2020.3.12f1/Editor/Data/MonoBleedingEdge/lib/mono/unityjit'
Mono config path = 'D:/Unity/2020.3.12f1/Editor/Data/MonoBleedingEdge/etc'
Using monoOptions --debugger-agent=transport=dt_socket,embedding=1,server=y,suspend=n,address=127.0.0.1:56640
Begin MonoManager ReloadAssembly
Registering precompiled unity dll's ...
Register platform support module: D:/Unity/2020.3.12f1/Editor/Data/PlaybackEngines/WebGLSupport/UnityEditor.WebGL.Extensions.dll
Register platform support module: D:/Unity/2020.3.12f1/Editor/Data/PlaybackEngines/WindowsStandaloneSupport/UnityEditor.WindowsStandalone.Extensions.dll
Registered in 0.001524 seconds.
Native extension for WindowsStandalone target not found
Native extension for WebGL target not found
Refreshing native plugins compatible for Editor in 29.74 ms, found 4 plugins.
Preloading 0 native plugins for Editor in 0.00 ms.
Mono: successfully reloaded assembly
- Completed reload, in  1.360 seconds
Platform modules already initialized, skipping
Registering precompiled user dll's ...
Registered in 0.011834 seconds.
Begin MonoManager ReloadAssembly
Native extension for WindowsStandalone target not found
Native extension for WebGL target not found
Refreshing native plugins compatible for Editor in 0.38 ms, found 4 plugins.
Preloading 0 native plugins for Editor in 0.00 ms.
Mono: successfully reloaded assembly
- Completed reload, in  1.027 seconds
Platform modules already initialized, skipping
========================================================================
Worker process is ready to serve import requests
Launched and connected shader compiler UnityShaderCompiler.exe after 0.05 seconds
Refreshing native plugins compatible for Editor in 0.62 ms, found 4 plugins.
Preloading 0 native plugins for Editor in 0.00 ms.
Unloading 1412 Unused Serialized files (Serialized files now loaded: 0)
System memory in use before: 65.9 MB.
System memory in use after: 65.9 MB.

Unloading 36 unused Assets to reduce memory usage. Loaded Objects now: 1871.
Total: 3.050500 ms (FindLiveObjects: 0.153800 ms CreateObjectMapping: 0.040600 ms MarkObjects: 2.734100 ms  DeleteObjects: 0.120700 ms)

AssetImportParameters requested are different than current active one (requested -> active):
  custom:framework-win-MediaFoundation: 216162199b28c13a410421893ffa2e32 -> 
  custom:video-decoder-ogg-theora: a1e56fd34408186e4bbccfd4996cb3dc -> 
  custom:container-muxer-webm: aa71ff27fc2769a1b78a27578f13a17b -> 
  custom:container-demuxer-webm: 4f35f7cbe854078d1ac9338744f61a02 -> 
  custom:container-demuxer-ogg: 62fdf1f143b41e24485cea50d1cbac27 -> 
  custom:video-encoder-webm-vp8: eb34c28f22e8b96e1ab97ce403110664 -> 
  custom:video-codec-MediaFoundation-h265: 746d11721c4dcdbdad8f713fa42b33f4 -> 
  custom:video-decoder-webm-vp8: 9c59270c3fd7afecdb556c50c9e8de78 -> 
  custom:audio-decoder-ogg-vorbis: bf7c407c2cedff20999df2af8eb42d56 -> 
  custom:audio-encoder-webm-vorbis: bf7c407c2cedff20999df2af8eb42d56 -> 
========================================================================
Received Import Request.
  path: Assets/Prefabs/Food_Pizza_01.prefab
  artifactKey: Guid(bf3a2998851776c45abdf5a9dcb3bd5f) Importer(815301076,1909f56bfc062723c751e8b465ee728b)
Start importing Assets/Prefabs/Food_Pizza_01.prefab using Guid(bf3a2998851776c45abdf5a9dcb3bd5f) Importer(815301076,1909f56bfc062723c751e8b465ee728b)  -> (artifact id: '54dc2fc8a44bbe9cd1f5f68caee0a4a8') in 0.140513 seconds 
  Import took 0.143066 seconds .

========================================================================
Received Import Request.
  Time since last request: 659.471166 seconds.
  path: Assets/Scripts/Animal.cs
  artifactKey: Guid(12e44a599805e5d42bd6c356704c6e17) Importer(815301076,1909f56bfc062723c751e8b465ee728b)
Start importing Assets/Scripts/Animal.cs using Guid(12e44a599805e5d42bd6c356704c6e17) Importer(815301076,1909f56bfc062723c751e8b465ee728b)  -> (artifact id: '89bba7c706c0f0fc486d6c265f273a23') in 0.015860 seconds 
  Import took 0.019460 seconds .

========================================================================
Received Prepare
Registering precompiled user dll's ...
Registered in 0.010427 seconds.
Begin MonoManager ReloadAssembly
Native extension for WindowsStandalone target not found
Native extension for WebGL target not found
Refreshing native plugins compatible for Editor in 0.39 ms, found 4 plugins.
Preloading 0 native plugins for Editor in 0.00 ms.
Mono: successfully reloaded assembly
- Completed reload, in  1.173 seconds
Platform modules already initialized, skipping
Refreshing native plugins compatible for Editor in 0.38 ms, found 4 plugins.
Preloading 0 native plugins for Editor in 0.00 ms.
Unloading 1408 Unused Serialized files (Serialized files now loaded: 0)
System memory in use before: 69.0 MB.
System memory in use after: 69.0 MB.

Unloading 31 unused Assets to reduce memory usage. Loaded Objects now: 1882.
Total: 2.102300 ms (FindLiveObjects: 0.146300 ms CreateObjectMapping: 0.058400 ms MarkObjects: 1.834900 ms  DeleteObjects: 0.061400 ms)

AssetImportParameters requested are different than current active one (requested -> active):
  custom:framework-win-MediaFoundation: 216162199b28c13a410421893ffa2e32 -> 
  custom:video-decoder-ogg-theora: a1e56fd34408186e4bbccfd4996cb3dc -> 
  custom:container-muxer-webm: aa71ff27fc2769a1b78a27578f13a17b -> 
  custom:container-demuxer-webm: 4f35f7cbe854078d1ac9338744f61a02 -> 
  custom:container-demuxer-ogg: 62fdf1f143b41e24485cea50d1cbac27 -> 
  custom:video-encoder-webm-vp8: eb34c28f22e8b96e1ab97ce403110664 -> 
  custom:video-codec-MediaFoundation-h265: 746d11721c4dcdbdad8f713fa42b33f4 -> 
  custom:video-decoder-webm-vp8: 9c59270c3fd7afecdb556c50c9e8de78 -> 
  custom:audio-decoder-ogg-vorbis: bf7c407c2cedff20999df2af8eb42d56 -> 
  custom:audio-encoder-webm-vorbis: bf7c407c2cedff20999df2af8eb42d56 -> 
========================================================================
Received Import Request.
  Time since last request: 24.874088 seconds.
  path: Assets/Scripts/Moose.cs
  artifactKey: Guid(e0fd7a0739b1f26468c926f732549f71) Importer(815301076,1909f56bfc062723c751e8b465ee728b)
Start importing Assets/Scripts/Moose.cs using Guid(e0fd7a0739b1f26468c926f732549f71) Importer(815301076,1909f56bfc062723c751e8b465ee728b)  -> (artifact id: '3b962143ec8b0e50ac6f5097b39ab5cd') in 0.012816 seconds 
  Import took 0.015237 seconds .

========================================================================
Received Import Request.
  Time since last request: 0.000708 seconds.
  path: Assets/Scripts/Moose.cs
  artifactKey: Guid(e0fd7a0739b1f26468c926f732549f71) Importer(815301076,1909f56bfc062723c751e8b465ee728b)
Start importing Assets/Scripts/Moose.cs using Guid(e0fd7a0739b1f26468c926f732549f71) Importer(815301076,1909f56bfc062723c751e8b465ee728b)  -> (artifact id: '3b962143ec8b0e50ac6f5097b39ab5cd') in 0.003563 seconds 
  Import took 0.007049 seconds .

========================================================================
Received Prepare
Registering precompiled user dll's ...
Registered in 0.010596 seconds.
Begin MonoManager ReloadAssembly
Native extension for WindowsStandalone target not found
Native extension for WebGL target not found
Refreshing native plugins compatible for Editor in 0.40 ms, found 4 plugins.
Preloading 0 native plugins for Editor in 0.00 ms.
Mono: successfully reloaded assembly
- Completed reload, in  1.054 seconds
Platform modules already initialized, skipping
Refreshing native plugins compatible for Editor in 0.49 ms, found 4 plugins.
Preloading 0 native plugins for Editor in 0.00 ms.
Unloading 1409 Unused Serialized files (Serialized files now loaded: 0)
System memory in use before: 69.0 MB.
System memory in use after: 69.1 MB.

Unloading 31 unused Assets to reduce memory usage. Loaded Objects now: 1886.
Total: 2.082400 ms (FindLiveObjects: 0.158100 ms CreateObjectMapping: 0.045200 ms MarkObjects: 1.817200 ms  DeleteObjects: 0.060400 ms)

AssetImportParameters requested are different than current active one (requested -> active):
  custom:framework-win-MediaFoundation: 216162199b28c13a410421893ffa2e32 -> 
  custom:video-decoder-ogg-theora: a1e56fd34408186e4bbccfd4996cb3dc -> 
  custom:container-muxer-webm: aa71ff27fc2769a1b78a27578f13a17b -> 
  custom:container-demuxer-webm: 4f35f7cbe854078d1ac9338744f61a02 -> 
  custom:container-demuxer-ogg: 62fdf1f143b41e24485cea50d1cbac27 -> 
  custom:video-encoder-webm-vp8: eb34c28f22e8b96e1ab97ce403110664 -> 
  custom:video-codec-MediaFoundation-h265: 746d11721c4dcdbdad8f713fa42b33f4 -> 
  custom:video-decoder-webm-vp8: 9c59270c3fd7afecdb556c50c9e8de78 -> 
  custom:audio-decoder-ogg-vorbis: bf7c407c2cedff20999df2af8eb42d56 -> 
  custom:audio-encoder-webm-vorbis: bf7c407c2cedff20999df2af8eb42d56 -> 
========================================================================
Received Import Request.
  Time since last request: 229.069004 seconds.
  path: Assets/Scripts/Moose.cs
  artifactKey: Guid(e0fd7a0739b1f26468c926f732549f71) Importer(815301076,1909f56bfc062723c751e8b465ee728b)
Start importing Assets/Scripts/Moose.cs using Guid(e0fd7a0739b1f26468c926f732549f71) Importer(815301076,1909f56bfc062723c751e8b465ee728b)  -> (artifact id: 'ad4301592f54a35ac6a155a9869bcc9e') in 0.008581 seconds 
  Import took 0.012287 seconds .

========================================================================
Received Import Request.
  Time since last request: 89.182852 seconds.
  path: Assets/Prefabs/Animal_Moose_02.prefab
  artifactKey: Guid(90a0dcda9088cde4cafae0a75b98d234) Importer(815301076,1909f56bfc062723c751e8b465ee728b)
Start importing Assets/Prefabs/Animal_Moose_02.prefab using Guid(90a0dcda9088cde4cafae0a75b98d234) Importer(815301076,1909f56bfc062723c751e8b465ee728b)  -> (artifact id: 'f1303120a60ab9ab9352adadf6e5f869') in 0.095865 seconds 
  Import took 0.098988 seconds .

========================================================================
Received Import Request.
  Time since last request: 8.014482 seconds.
  path: Assets/Prefabs/Animal_Moose_02.prefab
  artifactKey: Guid(90a0dcda9088cde4cafae0a75b98d234) Importer(815301076,1909f56bfc062723c751e8b465ee728b)
Start importing Assets/Prefabs/Animal_Moose_02.prefab using Guid(90a0dcda9088cde4cafae0a75b98d234) Importer(815301076,1909f56bfc062723c751e8b465ee728b)  -> (artifact id: '8c7c3fea977cbc906a18347d979b45f2') in 0.026684 seconds 
  Import took 0.030424 seconds .

========================================================================
Received Import Request.
  Time since last request: 0.001022 seconds.
  path: Assets/Prefabs/Animal_Moose_02.prefab
  artifactKey: Guid(90a0dcda9088cde4cafae0a75b98d234) Importer(815301076,1909f56bfc062723c751e8b465ee728b)
Start importing Assets/Prefabs/Animal_Moose_02.prefab using Guid(90a0dcda9088cde4cafae0a75b98d234) Importer(815301076,1909f56bfc062723c751e8b465ee728b)  -> (artifact id: '8c7c3fea977cbc906a18347d979b45f2') in 0.020131 seconds 
  Import took 0.024571 seconds .

========================================================================
Received Prepare
Registering precompiled user dll's ...
Registered in 0.012103 seconds.
Begin MonoManager ReloadAssembly
Native extension for WindowsStandalone target not found
Native extension for WebGL target not found
Refreshing native plugins compatible for Editor in 0.39 ms, found 4 plugins.
Preloading 0 native plugins for Editor in 0.00 ms.
Mono: successfully reloaded assembly
- Completed reload, in  1.088 seconds
Platform modules already initialized, skipping
Refreshing native plugins compatible for Editor in 0.40 ms, found 4 plugins.
Preloading 0 native plugins for Editor in 0.00 ms.
Unloading 1409 Unused Serialized files (Serialized files now loaded: 0)
System memory in use before: 82.6 MB.
System memory in use after: 82.7 MB.

Unloading 31 unused Assets to reduce memory usage. Loaded Objects now: 1891.
Total: 1.880800 ms (FindLiveObjects: 0.163700 ms CreateObjectMapping: 0.043500 ms MarkObjects: 1.614800 ms  DeleteObjects: 0.057600 ms)

AssetImportParameters requested are different than current active one (requested -> active):
  custom:framework-win-MediaFoundation: 216162199b28c13a410421893ffa2e32 -> 
  custom:video-decoder-ogg-theora: a1e56fd34408186e4bbccfd4996cb3dc -> 
  custom:container-muxer-webm: aa71ff27fc2769a1b78a27578f13a17b -> 
  custom:container-demuxer-webm: 4f35f7cbe854078d1ac9338744f61a02 -> 
  custom:container-demuxer-ogg: 62fdf1f143b41e24485cea50d1cbac27 -> 
  custom:video-encoder-webm-vp8: eb34c28f22e8b96e1ab97ce403110664 -> 
  custom:video-codec-MediaFoundation-h265: 746d11721c4dcdbdad8f713fa42b33f4 -> 
  custom:video-decoder-webm-vp8: 9c59270c3fd7afecdb556c50c9e8de78 -> 
  custom:audio-decoder-ogg-vorbis: bf7c407c2cedff20999df2af8eb42d56 -> 
  custom:audio-encoder-webm-vorbis: bf7c407c2cedff20999df2af8eb42d56 -> 
========================================================================
Received Prepare
Registering precompiled user dll's ...
Registered in 0.010350 seconds.
Begin MonoManager ReloadAssembly
Native extension for WindowsStandalone target not found
Native extension for WebGL target not found
Refreshing native plugins compatible for Editor in 0.56 ms, found 4 plugins.
Preloading 0 native plugins for Editor in 0.00 ms.
Mono: successfully reloaded assembly
- Completed reload, in  1.340 seconds
Platform modules already initialized, skipping
Refreshing native plugins compatible for Editor in 0.54 ms, found 4 plugins.
Preloading 0 native plugins for Editor in 0.00 ms.
Unloading 1409 Unused Serialized files (Serialized files now loaded: 0)
System memory in use before: 82.7 MB.
System memory in use after: 82.7 MB.

Unloading 31 unused Assets to reduce memory usage. Loaded Objects now: 1894.
Total: 3.084800 ms (FindLiveObjects: 0.166400 ms CreateObjectMapping: 0.052000 ms MarkObjects: 2.782700 ms  DeleteObjects: 0.082100 ms)

AssetImportParameters requested are different than current active one (requested -> active):
  custom:framework-win-MediaFoundation: 216162199b28c13a410421893ffa2e32 -> 
  custom:video-decoder-ogg-theora: a1e56fd34408186e4bbccfd4996cb3dc -> 
  custom:container-muxer-webm: aa71ff27fc2769a1b78a27578f13a17b -> 
  custom:container-demuxer-webm: 4f35f7cbe854078d1ac9338744f61a02 -> 
  custom:container-demuxer-ogg: 62fdf1f143b41e24485cea50d1cbac27 -> 
  custom:video-encoder-webm-vp8: eb34c28f22e8b96e1ab97ce403110664 -> 
  custom:video-codec-MediaFoundation-h265: 746d11721c4dcdbdad8f713fa42b33f4 -> 
  custom:video-decoder-webm-vp8: 9c59270c3fd7afecdb556c50c9e8de78 -> 
  custom:audio-decoder-ogg-vorbis: bf7c407c2cedff20999df2af8eb42d56 -> 
  custom:audio-encoder-webm-vorbis: bf7c407c2cedff20999df2af8eb42d56 -> 
========================================================================
Received Import Request.
  Time since last request: 128.318815 seconds.
  path: Assets/Prefabs/Animal_Moose_02.prefab
  artifactKey: Guid(90a0dcda9088cde4cafae0a75b98d234) Importer(815301076,1909f56bfc062723c751e8b465ee728b)
Start importing Assets/Prefabs/Animal_Moose_02.prefab using Guid(90a0dcda9088cde4cafae0a75b98d234) Importer(815301076,1909f56bfc062723c751e8b465ee728b)  -> (artifact id: 'd1e7060a6a02dafc0cd1c33cd83d1739') in 0.064024 seconds 
  Import took 0.067087 seconds .

========================================================================
Received Prepare
Registering precompiled user dll's ...
Registered in 0.009835 seconds.
Begin MonoManager ReloadAssembly
Native extension for WindowsStandalone target not found
Native extension for WebGL target not found
Refreshing native plugins compatible for Editor in 0.41 ms, found 4 plugins.
Preloading 0 native plugins for Editor in 0.00 ms.
Mono: successfully reloaded assembly
- Completed reload, in  1.012 seconds
Platform modules already initialized, skipping
Refreshing native plugins compatible for Editor in 0.40 ms, found 4 plugins.
Preloading 0 native plugins for Editor in 0.00 ms.
Unloading 1409 Unused Serialized files (Serialized files now loaded: 0)
System memory in use before: 82.7 MB.
System memory in use after: 82.7 MB.

Unloading 31 unused Assets to reduce memory usage. Loaded Objects now: 1898.
Total: 2.102700 ms (FindLiveObjects: 0.153500 ms CreateObjectMapping: 0.037400 ms MarkObjects: 1.855200 ms  DeleteObjects: 0.055500 ms)

AssetImportParameters requested are different than current active one (requested -> active):
  custom:framework-win-MediaFoundation: 216162199b28c13a410421893ffa2e32 -> 
  custom:video-decoder-ogg-theora: a1e56fd34408186e4bbccfd4996cb3dc -> 
  custom:container-muxer-webm: aa71ff27fc2769a1b78a27578f13a17b -> 
  custom:container-demuxer-webm: 4f35f7cbe854078d1ac9338744f61a02 -> 
  custom:container-demuxer-ogg: 62fdf1f143b41e24485cea50d1cbac27 -> 
  custom:video-encoder-webm-vp8: eb34c28f22e8b96e1ab97ce403110664 -> 
  custom:video-codec-MediaFoundation-h265: 746d11721c4dcdbdad8f713fa42b33f4 -> 
  custom:video-decoder-webm-vp8: 9c59270c3fd7afecdb556c50c9e8de78 -> 
  custom:audio-decoder-ogg-vorbis: bf7c407c2cedff20999df2af8eb42d56 -> 
  custom:audio-encoder-webm-vorbis: bf7c407c2cedff20999df2af8eb42d56 -> 
========================================================================
Received Import Request.
  Time since last request: 213.143153 seconds.
  path: Assets/Prefabs/Animal_Moose_02.prefab
  artifactKey: Guid(90a0dcda9088cde4cafae0a75b98d234) Importer(815301076,1909f56bfc062723c751e8b465ee728b)
Start importing Assets/Prefabs/Animal_Moose_02.prefab using Guid(90a0dcda9088cde4cafae0a75b98d234) Importer(815301076,1909f56bfc062723c751e8b465ee728b)  -> (artifact id: '1cef81ee63b3bd7c6a499b1b53963949') in 0.064157 seconds 
  Import took 0.067096 seconds .

========================================================================
Received Import Request.
  Time since last request: 10.134457 seconds.
  path: Assets/Scripts/Doe.cs
  artifactKey: Guid(139725b4558c6ff40bd43b03771b33a9) Importer(815301076,1909f56bfc062723c751e8b465ee728b)
Start importing Assets/Scripts/Doe.cs using Guid(139725b4558c6ff40bd43b03771b33a9) Importer(815301076,1909f56bfc062723c751e8b465ee728b)  -> (artifact id: '66adb8295678dfcc8b6c893feeaf2e89') in 0.009613 seconds 
  Import took 0.012284 seconds .

========================================================================
Received Prepare
Registering precompiled user dll's ...
Registered in 0.010031 seconds.
Begin MonoManager ReloadAssembly
Native extension for WindowsStandalone target not found
Native extension for WebGL target not found
Refreshing native plugins compatible for Editor in 0.38 ms, found 4 plugins.
Preloading 0 native plugins for Editor in 0.00 ms.
Mono: successfully reloaded assembly
- Completed reload, in  0.911 seconds
Platform modules already initialized, skipping
Refreshing native plugins compatible for Editor in 0.39 ms, found 4 plugins.
Preloading 0 native plugins for Editor in 0.00 ms.
Unloading 1410 Unused Serialized files (Serialized files now loaded: 0)
System memory in use before: 82.7 MB.
System memory in use after: 82.8 MB.

Unloading 31 unused Assets to reduce memory usage. Loaded Objects now: 1903.
Total: 2.052800 ms (FindLiveObjects: 0.161900 ms CreateObjectMapping: 0.037500 ms MarkObjects: 1.798300 ms  DeleteObjects: 0.054100 ms)

AssetImportParameters requested are different than current active one (requested -> active):
  custom:framework-win-MediaFoundation: 216162199b28c13a410421893ffa2e32 -> 
  custom:video-decoder-ogg-theora: a1e56fd34408186e4bbccfd4996cb3dc -> 
  custom:container-muxer-webm: aa71ff27fc2769a1b78a27578f13a17b -> 
  custom:container-demuxer-webm: 4f35f7cbe854078d1ac9338744f61a02 -> 
  custom:container-demuxer-ogg: 62fdf1f143b41e24485cea50d1cbac27 -> 
  custom:video-encoder-webm-vp8: eb34c28f22e8b96e1ab97ce403110664 -> 
  custom:video-codec-MediaFoundation-h265: 746d11721c4dcdbdad8f713fa42b33f4 -> 
  custom:video-decoder-webm-vp8: 9c59270c3fd7afecdb556c50c9e8de78 -> 
  custom:audio-decoder-ogg-vorbis: bf7c407c2cedff20999df2af8eb42d56 -> 
  custom:audio-encoder-webm-vorbis: bf7c407c2cedff20999df2af8eb42d56 -> 
========================================================================
Received Import Request.
  Time since last request: 9.956459 seconds.
  path: Assets/Scripts/Stag.cs
  artifactKey: Guid(396b7274597949643b65e7d94f9c6417) Importer(815301076,1909f56bfc062723c751e8b465ee728b)
Start importing Assets/Scripts/Stag.cs using Guid(396b7274597949643b65e7d94f9c6417) Importer(815301076,1909f56bfc062723c751e8b465ee728b)  -> (artifact id: '66eb9b5e6b239d3c8c851bc958203aeb') in 0.010052 seconds 
  Import took 0.012435 seconds .

========================================================================
Received Prepare
Registering precompiled user dll's ...
Registered in 0.010501 seconds.
Begin MonoManager ReloadAssembly
Native extension for WindowsStandalone target not found
Native extension for WebGL target not found
Refreshing native plugins compatible for Editor in 0.40 ms, found 4 plugins.
Preloading 0 native plugins for Editor in 0.00 ms.
Mono: successfully reloaded assembly
- Completed reload, in  0.975 seconds
Platform modules already initialized, skipping
Refreshing native plugins compatible for Editor in 0.62 ms, found 4 plugins.
Preloading 0 native plugins for Editor in 0.00 ms.
Unloading 1411 Unused Serialized files (Serialized files now loaded: 0)
System memory in use before: 82.7 MB.
System memory in use after: 82.8 MB.

Unloading 31 unused Assets to reduce memory usage. Loaded Objects now: 1907.
Total: 1.946500 ms (FindLiveObjects: 0.154200 ms CreateObjectMapping: 0.044500 ms MarkObjects: 1.691900 ms  DeleteObjects: 0.054900 ms)

AssetImportParameters requested are different than current active one (requested -> active):
  custom:framework-win-MediaFoundation: 216162199b28c13a410421893ffa2e32 -> 
  custom:video-decoder-ogg-theora: a1e56fd34408186e4bbccfd4996cb3dc -> 
  custom:container-muxer-webm: aa71ff27fc2769a1b78a27578f13a17b -> 
  custom:container-demuxer-webm: 4f35f7cbe854078d1ac9338744f61a02 -> 
  custom:container-demuxer-ogg: 62fdf1f143b41e24485cea50d1cbac27 -> 
  custom:video-encoder-webm-vp8: eb34c28f22e8b96e1ab97ce403110664 -> 
  custom:video-codec-MediaFoundation-h265: 746d11721c4dcdbdad8f713fa42b33f4 -> 
  custom:video-decoder-webm-vp8: 9c59270c3fd7afecdb556c50c9e8de78 -> 
  custom:audio-decoder-ogg-vorbis: bf7c407c2cedff20999df2af8eb42d56 -> 
  custom:audio-encoder-webm-vorbis: bf7c407c2cedff20999df2af8eb42d56 -> 
========================================================================
Received Prepare
Registering precompiled user dll's ...
Registered in 0.010613 seconds.
Begin MonoManager ReloadAssembly
Native extension for WindowsStandalone target not found
Native extension for WebGL target not found
Refreshing native plugins compatible for Editor in 0.45 ms, found 4 plugins.
Preloading 0 native plugins for Editor in 0.00 ms.
Mono: successfully reloaded assembly
- Completed reload, in  1.234 seconds
Platform modules already initialized, skipping
Refreshing native plugins compatible for Editor in 0.43 ms, found 4 plugins.
Preloading 0 native plugins for Editor in 0.00 ms.
Unloading 1411 Unused Serialized files (Serialized files now loaded: 0)
System memory in use before: 82.7 MB.
System memory in use after: 82.8 MB.

Unloading 31 unused Assets to reduce memory usage. Loaded Objects now: 1910.
Total: 2.306400 ms (FindLiveObjects: 0.206700 ms CreateObjectMapping: 0.059400 ms MarkObjects: 1.975600 ms  DeleteObjects: 0.062900 ms)

AssetImportParameters requested are different than current active one (requested -> active):
  custom:framework-win-MediaFoundation: 216162199b28c13a410421893ffa2e32 -> 
  custom:video-decoder-ogg-theora: a1e56fd34408186e4bbccfd4996cb3dc -> 
  custom:container-muxer-webm: aa71ff27fc2769a1b78a27578f13a17b -> 
  custom:container-demuxer-webm: 4f35f7cbe854078d1ac9338744f61a02 -> 
  custom:container-demuxer-ogg: 62fdf1f143b41e24485cea50d1cbac27 -> 
  custom:video-encoder-webm-vp8: eb34c28f22e8b96e1ab97ce403110664 -> 
  custom:video-codec-MediaFoundation-h265: 746d11721c4dcdbdad8f713fa42b33f4 -> 
  custom:video-decoder-webm-vp8: 9c59270c3fd7afecdb556c50c9e8de78 -> 
  custom:audio-decoder-ogg-vorbis: bf7c407c2cedff20999df2af8eb42d56 -> 
  custom:audio-encoder-webm-vorbis: bf7c407c2cedff20999df2af8eb42d56 -> 
========================================================================
Received Prepare
Registering precompiled user dll's ...
Registered in 0.011069 seconds.
Begin MonoManager ReloadAssembly
Native extension for WindowsStandalone target not found
Native extension for WebGL target not found
Refreshing native plugins compatible for Editor in 0.39 ms, found 4 plugins.
Preloading 0 native plugins for Editor in 0.00 ms.
Mono: successfully reloaded assembly
- Completed reload, in  1.048 seconds
Platform modules already initialized, skipping
Refreshing native plugins compatible for Editor in 0.40 ms, found 4 plugins.
Preloading 0 native plugins for Editor in 0.00 ms.
Unloading 1411 Unused Serialized files (Serialized files now loaded: 0)
System memory in use before: 82.8 MB.
System memory in use after: 82.8 MB.

Unloading 31 unused Assets to reduce memory usage. Loaded Objects now: 1913.
Total: 1.945200 ms (FindLiveObjects: 0.155300 ms CreateObjectMapping: 0.044500 ms MarkObjects: 1.675700 ms  DeleteObjects: 0.068200 ms)

AssetImportParameters requested are different than current active one (requested -> active):
  custom:framework-win-MediaFoundation: 216162199b28c13a410421893ffa2e32 -> 
  custom:video-decoder-ogg-theora: a1e56fd34408186e4bbccfd4996cb3dc -> 
  custom:container-muxer-webm: aa71ff27fc2769a1b78a27578f13a17b -> 
  custom:container-demuxer-webm: 4f35f7cbe854078d1ac9338744f61a02 -> 
  custom:container-demuxer-ogg: 62fdf1f143b41e24485cea50d1cbac27 -> 
  custom:video-encoder-webm-vp8: eb34c28f22e8b96e1ab97ce403110664 -> 
  custom:video-codec-MediaFoundation-h265: 746d11721c4dcdbdad8f713fa42b33f4 -> 
  custom:video-decoder-webm-vp8: 9c59270c3fd7afecdb556c50c9e8de78 -> 
  custom:audio-decoder-ogg-vorbis: bf7c407c2cedff20999df2af8eb42d56 -> 
  custom:audio-encoder-webm-vorbis: bf7c407c2cedff20999df2af8eb42d56 -> 
========================================================================
Received Import Request.
  Time since last request: 144.938034 seconds.
  path: Assets/Prefabs/Animal_Doe_02.prefab
  artifactKey: Guid(44a189aad8d5c6c4aa31d9331c7fb5ab) Importer(815301076,1909f56bfc062723c751e8b465ee728b)
Start importing Assets/Prefabs/Animal_Doe_02.prefab using Guid(44a189aad8d5c6c4aa31d9331c7fb5ab) Importer(815301076,1909f56bfc062723c751e8b465ee728b)  -> (artifact id: 'f4223872b66559e880de476d4bd52bda') in 0.084175 seconds 
  Import took 0.087538 seconds .

========================================================================
Received Import Request.
  Time since last request: 9.204905 seconds.
  path: Assets/Prefabs/Animal_Doe_02.prefab
  artifactKey: Guid(44a189aad8d5c6c4aa31d9331c7fb5ab) Importer(815301076,1909f56bfc062723c751e8b465ee728b)
Start importing Assets/Prefabs/Animal_Doe_02.prefab using Guid(44a189aad8d5c6c4aa31d9331c7fb5ab) Importer(815301076,1909f56bfc062723c751e8b465ee728b)  -> (artifact id: '3336c3129d6f3c95e8bc245eb2a17869') in 0.019857 seconds 
  Import took 0.022952 seconds .

========================================================================
Received Import Request.
  Time since last request: 16.574383 seconds.
  path: Assets/Prefabs/Animal_Stag_02.prefab
  artifactKey: Guid(edff33b1a9c0d3d458531b661605c430) Importer(815301076,1909f56bfc062723c751e8b465ee728b)
Start importing Assets/Prefabs/Animal_Stag_02.prefab using Guid(edff33b1a9c0d3d458531b661605c430) Importer(815301076,1909f56bfc062723c751e8b465ee728b)  -> (artifact id: 'b7108f4fc2ee01b069d9bd29e7789f1d') in 0.025968 seconds 
  Import took 0.030749 seconds .

========================================================================
Received Import Request.
  Time since last request: 0.003466 seconds.
  path: Assets/Prefabs/Animal_Stag_02.prefab
  artifactKey: Guid(edff33b1a9c0d3d458531b661605c430) Importer(815301076,1909f56bfc062723c751e8b465ee728b)
Start importing Assets/Prefabs/Animal_Stag_02.prefab using Guid(edff33b1a9c0d3d458531b661605c430) Importer(815301076,1909f56bfc062723c751e8b465ee728b)  -> (artifact id: 'b7108f4fc2ee01b069d9bd29e7789f1d') in 0.024670 seconds 
  Import took 0.028022 seconds .

========================================================================
Received Import Request.
  Time since last request: 5.182445 seconds.
  path: Assets/Prefabs/Animal_Stag_02.prefab
  artifactKey: Guid(edff33b1a9c0d3d458531b661605c430) Importer(815301076,1909f56bfc062723c751e8b465ee728b)
Start importing Assets/Prefabs/Animal_Stag_02.prefab using Guid(edff33b1a9c0d3d458531b661605c430) Importer(815301076,1909f56bfc062723c751e8b465ee728b)  -> (artifact id: '62b1cbc10b4a064a4656a239be7faacc') in 0.018697 seconds 
  Import took 0.021668 seconds .

AssetImportWorkerClient::OnTransportError - code=2 error=End of file
